<?xml version="1.0" encoding="UTF-8"?>
<testsuite xmlns:xsi="http://www.w3.org/2001/XMLSchema-instance" xsi:noNamespaceSchemaLocation="https://maven.apache.org/surefire/maven-surefire-plugin/xsd/surefire-test-report-3.0.xsd" version="3.0" name="ModeloDAO.LoginDAOTest" time="0" tests="3" errors="0" skipped="0" failures="0">
  <properties>
    <property name="java.specification.version" value="20"/>
    <property name="sun.cpu.isalist" value="amd64"/>
    <property name="sun.jnu.encoding" value="Cp1252"/>
    <property name="java.class.path" value="E:\github\asd\proyecto_curso-laboratorio-automotriz-laditec\HACLaditec\target\test-classes;E:\github\asd\proyecto_curso-laboratorio-automotriz-laditec\HACLaditec\target\classes;C:\Users\JUNIOR-PC\.m2\repository\junit\junit\4.13.2\junit-4.13.2.jar;C:\Users\JUNIOR-PC\.m2\repository\org\hamcrest\hamcrest-core\1.3\hamcrest-core-1.3.jar;C:\Users\JUNIOR-PC\.m2\repository\javax\javaee-web-api\7.0\javaee-web-api-7.0.jar;C:\Users\JUNIOR-PC\.m2\repository\mysql\mysql-connector-java\8.0.28\mysql-connector-java-8.0.28.jar;C:\Users\JUNIOR-PC\.m2\repository\com\google\protobuf\protobuf-java\3.11.4\protobuf-java-3.11.4.jar;C:\Users\JUNIOR-PC\.m2\repository\io\cucumber\cucumber-java\6.10.4\cucumber-java-6.10.4.jar;C:\Users\JUNIOR-PC\.m2\repository\io\cucumber\cucumber-core\6.10.4\cucumber-core-6.10.4.jar;C:\Users\JUNIOR-PC\.m2\repository\io\cucumber\cucumber-gherkin\6.10.4\cucumber-gherkin-6.10.4.jar;C:\Users\JUNIOR-PC\.m2\repository\io\cucumber\cucumber-gherkin-messages\6.10.4\cucumber-gherkin-messages-6.10.4.jar;C:\Users\JUNIOR-PC\.m2\repository\io\cucumber\messages\15.0.0\messages-15.0.0.jar;C:\Users\JUNIOR-PC\.m2\repository\io\cucumber\tag-expressions\3.0.1\tag-expressions-3.0.1.jar;C:\Users\JUNIOR-PC\.m2\repository\io\cucumber\cucumber-expressions\10.3.0\cucumber-expressions-10.3.0.jar;C:\Users\JUNIOR-PC\.m2\repository\io\cucumber\datatable\3.5.0\datatable-3.5.0.jar;C:\Users\JUNIOR-PC\.m2\repository\io\cucumber\cucumber-plugin\6.10.4\cucumber-plugin-6.10.4.jar;C:\Users\JUNIOR-PC\.m2\repository\io\cucumber\docstring\6.10.4\docstring-6.10.4.jar;C:\Users\JUNIOR-PC\.m2\repository\io\cucumber\html-formatter\13.0.0\html-formatter-13.0.0.jar;C:\Users\JUNIOR-PC\.m2\repository\io\cucumber\create-meta\4.0.0\create-meta-4.0.0.jar;C:\Users\JUNIOR-PC\.m2\repository\org\apiguardian\apiguardian-api\1.1.1\apiguardian-api-1.1.1.jar;C:\Users\JUNIOR-PC\.m2\repository\io\cucumber\cucumber-junit\6.10.4\cucumber-junit-6.10.4.jar;C:\Users\JUNIOR-PC\.m2\repository\io\qameta\allure\allure-cucumber6-jvm\2.13.8\allure-cucumber6-jvm-2.13.8.jar;C:\Users\JUNIOR-PC\.m2\repository\io\qameta\allure\allure-java-commons\2.13.8\allure-java-commons-2.13.8.jar;C:\Users\JUNIOR-PC\.m2\repository\io\qameta\allure\allure-model\2.13.8\allure-model-2.13.8.jar;C:\Users\JUNIOR-PC\.m2\repository\org\slf4j\slf4j-api\1.7.30\slf4j-api-1.7.30.jar;C:\Users\JUNIOR-PC\.m2\repository\com\fasterxml\jackson\core\jackson-databind\2.11.3\jackson-databind-2.11.3.jar;C:\Users\JUNIOR-PC\.m2\repository\com\fasterxml\jackson\core\jackson-annotations\2.11.3\jackson-annotations-2.11.3.jar;C:\Users\JUNIOR-PC\.m2\repository\com\fasterxml\jackson\core\jackson-core\2.11.3\jackson-core-2.11.3.jar;C:\Users\JUNIOR-PC\.m2\repository\org\apache\tika\tika-core\1.24.1\tika-core-1.24.1.jar;C:\Users\JUNIOR-PC\.m2\repository\org\jooq\joor-java-8\0.9.13\joor-java-8-0.9.13.jar;C:\Users\JUNIOR-PC\.m2\repository\io\cucumber\gherkin\15.0.2\gherkin-15.0.2.jar;C:\Users\JUNIOR-PC\.m2\repository\javax\servlet\javax.servlet-api\4.0.1\javax.servlet-api-4.0.1.jar;C:\Users\JUNIOR-PC\.m2\repository\org\mockito\mockito-core\3.12.4\mockito-core-3.12.4.jar;C:\Users\JUNIOR-PC\.m2\repository\net\bytebuddy\byte-buddy\1.11.13\byte-buddy-1.11.13.jar;C:\Users\JUNIOR-PC\.m2\repository\net\bytebuddy\byte-buddy-agent\1.11.13\byte-buddy-agent-1.11.13.jar;C:\Users\JUNIOR-PC\.m2\repository\org\objenesis\objenesis\3.2\objenesis-3.2.jar;"/>
    <property name="java.vm.vendor" value="Oracle Corporation"/>
    <property name="sun.arch.data.model" value="64"/>
    <property name="user.variant" value=""/>
    <property name="java.vendor.url" value="https://java.oracle.com/"/>
    <property name="user.timezone" value="America/Lima"/>
    <property name="os.name" value="Windows 11"/>
    <property name="java.vm.specification.version" value="20"/>
    <property name="user.country" value="MX"/>
    <property name="sun.java.launcher" value="SUN_STANDARD"/>
    <property name="sun.boot.library.path" value="D:\Program Files\Java\jdk-20\bin"/>
    <property name="sun.java.command" value="C:\Users\JUNIOR-PC\AppData\Local\Temp\surefire7706766462288584856\surefirebooter-20230705001646950_3.jar C:\Users\JUNIOR-PC\AppData\Local\Temp\surefire7706766462288584856 2023-07-05T00-16-46_826-jvmRun1 surefire-20230705001646950_1tmp surefire_0-20230705001646950_2tmp"/>
    <property name="jdk.debug" value="release"/>
    <property name="surefire.test.class.path" value="E:\github\asd\proyecto_curso-laboratorio-automotriz-laditec\HACLaditec\target\test-classes;E:\github\asd\proyecto_curso-laboratorio-automotriz-laditec\HACLaditec\target\classes;C:\Users\JUNIOR-PC\.m2\repository\junit\junit\4.13.2\junit-4.13.2.jar;C:\Users\JUNIOR-PC\.m2\repository\org\hamcrest\hamcrest-core\1.3\hamcrest-core-1.3.jar;C:\Users\JUNIOR-PC\.m2\repository\javax\javaee-web-api\7.0\javaee-web-api-7.0.jar;C:\Users\JUNIOR-PC\.m2\repository\mysql\mysql-connector-java\8.0.28\mysql-connector-java-8.0.28.jar;C:\Users\JUNIOR-PC\.m2\repository\com\google\protobuf\protobuf-java\3.11.4\protobuf-java-3.11.4.jar;C:\Users\JUNIOR-PC\.m2\repository\io\cucumber\cucumber-java\6.10.4\cucumber-java-6.10.4.jar;C:\Users\JUNIOR-PC\.m2\repository\io\cucumber\cucumber-core\6.10.4\cucumber-core-6.10.4.jar;C:\Users\JUNIOR-PC\.m2\repository\io\cucumber\cucumber-gherkin\6.10.4\cucumber-gherkin-6.10.4.jar;C:\Users\JUNIOR-PC\.m2\repository\io\cucumber\cucumber-gherkin-messages\6.10.4\cucumber-gherkin-messages-6.10.4.jar;C:\Users\JUNIOR-PC\.m2\repository\io\cucumber\messages\15.0.0\messages-15.0.0.jar;C:\Users\JUNIOR-PC\.m2\repository\io\cucumber\tag-expressions\3.0.1\tag-expressions-3.0.1.jar;C:\Users\JUNIOR-PC\.m2\repository\io\cucumber\cucumber-expressions\10.3.0\cucumber-expressions-10.3.0.jar;C:\Users\JUNIOR-PC\.m2\repository\io\cucumber\datatable\3.5.0\datatable-3.5.0.jar;C:\Users\JUNIOR-PC\.m2\repository\io\cucumber\cucumber-plugin\6.10.4\cucumber-plugin-6.10.4.jar;C:\Users\JUNIOR-PC\.m2\repository\io\cucumber\docstring\6.10.4\docstring-6.10.4.jar;C:\Users\JUNIOR-PC\.m2\repository\io\cucumber\html-formatter\13.0.0\html-formatter-13.0.0.jar;C:\Users\JUNIOR-PC\.m2\repository\io\cucumber\create-meta\4.0.0\create-meta-4.0.0.jar;C:\Users\JUNIOR-PC\.m2\repository\org\apiguardian\apiguardian-api\1.1.1\apiguardian-api-1.1.1.jar;C:\Users\JUNIOR-PC\.m2\repository\io\cucumber\cucumber-junit\6.10.4\cucumber-junit-6.10.4.jar;C:\Users\JUNIOR-PC\.m2\repository\io\qameta\allure\allure-cucumber6-jvm\2.13.8\allure-cucumber6-jvm-2.13.8.jar;C:\Users\JUNIOR-PC\.m2\repository\io\qameta\allure\allure-java-commons\2.13.8\allure-java-commons-2.13.8.jar;C:\Users\JUNIOR-PC\.m2\repository\io\qameta\allure\allure-model\2.13.8\allure-model-2.13.8.jar;C:\Users\JUNIOR-PC\.m2\repository\org\slf4j\slf4j-api\1.7.30\slf4j-api-1.7.30.jar;C:\Users\JUNIOR-PC\.m2\repository\com\fasterxml\jackson\core\jackson-databind\2.11.3\jackson-databind-2.11.3.jar;C:\Users\JUNIOR-PC\.m2\repository\com\fasterxml\jackson\core\jackson-annotations\2.11.3\jackson-annotations-2.11.3.jar;C:\Users\JUNIOR-PC\.m2\repository\com\fasterxml\jackson\core\jackson-core\2.11.3\jackson-core-2.11.3.jar;C:\Users\JUNIOR-PC\.m2\repository\org\apache\tika\tika-core\1.24.1\tika-core-1.24.1.jar;C:\Users\JUNIOR-PC\.m2\repository\org\jooq\joor-java-8\0.9.13\joor-java-8-0.9.13.jar;C:\Users\JUNIOR-PC\.m2\repository\io\cucumber\gherkin\15.0.2\gherkin-15.0.2.jar;C:\Users\JUNIOR-PC\.m2\repository\javax\servlet\javax.servlet-api\4.0.1\javax.servlet-api-4.0.1.jar;C:\Users\JUNIOR-PC\.m2\repository\org\mockito\mockito-core\3.12.4\mockito-core-3.12.4.jar;C:\Users\JUNIOR-PC\.m2\repository\net\bytebuddy\byte-buddy\1.11.13\byte-buddy-1.11.13.jar;C:\Users\JUNIOR-PC\.m2\repository\net\bytebuddy\byte-buddy-agent\1.11.13\byte-buddy-agent-1.11.13.jar;C:\Users\JUNIOR-PC\.m2\repository\org\objenesis\objenesis\3.2\objenesis-3.2.jar;"/>
    <property name="sun.cpu.endian" value="little"/>
    <property name="user.home" value="C:\Users\JUNIOR-PC"/>
    <property name="user.language" value="es"/>
    <property name="java.specification.vendor" value="Oracle Corporation"/>
    <property name="java.version.date" value="2023-03-21"/>
    <property name="java.home" value="D:\Program Files\Java\jdk-20"/>
    <property name="file.separator" value="\"/>
    <property name="basedir" value="E:\github\asd\proyecto_curso-laboratorio-automotriz-laditec\HACLaditec"/>
    <property name="java.vm.compressedOopsMode" value="Zero based"/>
    <property name="line.separator" value="&#10;"/>
    <property name="java.vm.specification.vendor" value="Oracle Corporation"/>
    <property name="java.specification.name" value="Java Platform API Specification"/>
    <property name="surefire.real.class.path" value="C:\Users\JUNIOR-PC\AppData\Local\Temp\surefire7706766462288584856\surefirebooter-20230705001646950_3.jar"/>
    <property name="user.script" value=""/>
    <property name="sun.management.compiler" value="HotSpot 64-Bit Tiered Compilers"/>
    <property name="java.runtime.version" value="20+36-2344"/>
    <property name="user.name" value="JUNIOR-PC"/>
    <property name="stdout.encoding" value="Cp1252"/>
    <property name="path.separator" value=";"/>
    <property name="os.version" value="10.0"/>
    <property name="java.runtime.name" value="Java(TM) SE Runtime Environment"/>
    <property name="file.encoding" value="UTF-8"/>
    <property name="java.vm.name" value="Java HotSpot(TM) 64-Bit Server VM"/>
    <property name="maven.ext.class.path" value="D:\Program Files\NetBeans-18\netbeans\java\maven-nblib\netbeans-eventspy.jar"/>
    <property name="localRepository" value="C:\Users\JUNIOR-PC\.m2\repository"/>
    <property name="java.vendor.url.bug" value="https://bugreport.java.com/bugreport/"/>
    <property name="java.io.tmpdir" value="C:\Users\JUNIOR~1\AppData\Local\Temp\"/>
    <property name="java.version" value="20"/>
    <property name="user.dir" value="E:\github\asd\proyecto_curso-laboratorio-automotriz-laditec\HACLaditec"/>
    <property name="os.arch" value="amd64"/>
    <property name="java.vm.specification.name" value="Java Virtual Machine Specification"/>
    <property name="sun.os.patch.level" value=""/>
    <property name="native.encoding" value="Cp1252"/>
    <property name="java.library.path" value="D:\Program Files\Java\jdk-20\bin;C:\Windows\Sun\Java\bin;C:\Windows\system32;C:\Windows;C:\Program Files\Common Files\Oracle\Java\javapath;C:\Program Files (x86)\Common Files\Oracle\Java\javapath;D:\Program Files (x86)\VMware\VMware Workstation\bin\;C:\Windows\system32;C:\Windows;C:\Windows\System32\Wbem;C:\Windows\System32\WindowsPowerShell\v1.0\;C:\Windows\System32\OpenSSH\;D:\Mis cosas(posible b)\Rational Rose\common;C:\Program Files (x86)\Microsoft SQL Server\150\DTS\Binn\;C:\Program Files\Azure Data Studio\bin;C:\Program Files\Microsoft SQL Server\150\DTS\Binn\;C:\Program Files\Microsoft SQL Server\Client SDK\ODBC\170\Tools\Binn\;C:\Program Files (x86)\Microsoft SQL Server\150\Tools\Binn\;C:\Program Files\Microsoft SQL Server\150\Tools\Binn\;D:\Program Files\Java\jdk-19\bin;C:\Program Files\Git\cmd;C:\Program Files\Docker\Docker\resources\bin;C:\Program Files\dotnet\;D:\Program Files\PuTTY\;C:\Program Files\Amazon\AWSCLIV2\;D:\XAMPP\php;C:\composer;C:\Program Files\MySQL\MySQL Shell 8.0\bin\;C:\Users\JUNIOR-PC\AppData\Local\Programs\Python\Python311\Scripts\;C:\Users\JUNIOR-PC\AppData\Local\Programs\Python\Python311\;C:\Users\JUNIOR-PC\AppData\Local\Microsoft\WindowsApps;C:\Program Files\Azure Data Studio\bin;C:\Users\JUNIOR-PC\AppData\Local\Programs\Microsoft VS Code\bin;C:\Users\JUNIOR-PC\.dotnet\tools;E:\Sonnarqube\sonar-scanner-4.8.0.2856-windows\bin;D:\terraform_1.4.4_windows_amd64;C:\Program Files\MongoDB\Server\6.0\bin;C:\Users\JUNIOR-PC\AppData\Local\Neo4j\Relate\Cache\dbmss\neo4j-enterprise-5.3.0\bin;D:\apache-maven-3.9.2\bin;D:\XAMPP\php;C:\Users\JUNIOR-PC\AppData\Roaming\Composer\vendor\bin;."/>
    <property name="java.vm.info" value="mixed mode, sharing"/>
    <property name="stderr.encoding" value="Cp1252"/>
    <property name="java.vendor" value="Oracle Corporation"/>
    <property name="java.vm.version" value="20+36-2344"/>
    <property name="sun.io.unicode.encoding" value="UnicodeLittle"/>
    <property name="java.class.version" value="64.0"/>
  </properties>
  <testcase name="testLoginUsuario_InvalidCredentials_ReturnsNull" classname="ModeloDAO.LoginDAOTest" time="0"/>
  <testcase name="testLoginUsuario" classname="ModeloDAO.LoginDAOTest" time="0"/>
  <testcase name="testLoginUsuario_ValidCredentials_ReturnsUser" classname="ModeloDAO.LoginDAOTest" time="0"/>
</testsuite>